
@----------------------------------------------------------@
|        PLINK!       |     v1.07      |   10/Aug/2009     |
|----------------------------------------------------------|
|  (C) 2009 Shaun Purcell, GNU General Public License, v2  |
|----------------------------------------------------------|
|  For documentation, citation & bug-report instructions:  |
|        http://pngu.mgh.harvard.edu/purcell/plink/        |
@----------------------------------------------------------@

Skipping web check... [ --noweb ] 
Writing this text to log file [ crob_neutral.log ]
Analysis started: Thu Feb 25 15:42:19 2021

Options in effect:
	--file crob_neutral
	--make-bed
	--out crob_neutral
	--noweb

3139 (of 3139) markers to be included from [ crob_neutral.map ]
Warning, found 190 individuals with ambiguous sex codes
Writing list of these individuals to [ crob_neutral.nosex ]
190 individuals read from [ crob_neutral.ped ] 
0 individuals with nonmissing phenotypes
Assuming a disease phenotype (1=unaff, 2=aff, 0=miss)
Missing phenotype value is also -9
0 cases, 0 controls and 190 missing
0 males, 0 females, and 190 of unspecified sex
Before frequency and genotyping pruning, there are 3139 SNPs
190 founders and 0 non-founders found
Total genotyping rate in remaining individuals is 0.825367
0 SNPs failed missingness test ( GENO > 1 )
0 SNPs failed frequency test ( MAF < 0 )
After frequency and genotyping pruning, there are 3139 SNPs
After filtering, 0 cases, 0 controls and 190 missing
After filtering, 0 males, 0 females, and 190 of unspecified sex
Writing pedigree information to [ crob_neutral.fam ] 
Writing map (extended format) information to [ crob_neutral.bim ] 
Writing genotype bitfile to [ crob_neutral.bed ] 
Using (default) SNP-major mode

Analysis finished: Thu Feb 25 15:42:19 2021

